<?xml version="1.0" encoding="UTF-8"?>
<testng-results skipped="0" failed="0" ignored="0" total="0" passed="0">
  <reporter-output>
  </reporter-output>
  <suite name="Suite1" duration-ms="0" started-at="2018-04-08T16:51:55Z" finished-at="2018-04-08T16:51:55Z">
    <groups>
    </groups>
    <test name="Regression Test Suite" duration-ms="0" started-at="2018-04-08T16:51:55Z" finished-at="2018-04-08T16:51:55Z">
    </test> <!-- Regression Test Suite -->
  </suite> <!-- Suite1 -->
</testng-results>
